c:\users\devnvme\desktop\cppaudio\portaudio\build\msvc\x64\debug\vc142.pdb
c:\users\devnvme\desktop\cppaudio\portaudio\build\msvc\x64\debug\vc142.idb
c:\users\devnvme\desktop\cppaudio\portaudio\build\msvc\x64\debug\pa_cpuload.nativecodeanalysis.sarif
c:\users\devnvme\desktop\cppaudio\portaudio\build\msvc\x64\debug\pa_cpuload.nativecodeanalysis.xml
c:\users\devnvme\desktop\cppaudio\portaudio\build\msvc\x64\debug\pa_debugprint.nativecodeanalysis.sarif
c:\users\devnvme\desktop\cppaudio\portaudio\build\msvc\x64\debug\pa_debugprint.nativecodeanalysis.xml
c:\users\devnvme\desktop\cppaudio\portaudio\build\msvc\x64\debug\pa_dither.nativecodeanalysis.sarif
c:\users\devnvme\desktop\cppaudio\portaudio\build\msvc\x64\debug\pa_dither.nativecodeanalysis.xml
c:\users\devnvme\desktop\cppaudio\portaudio\build\msvc\x64\debug\pa_front.nativecodeanalysis.sarif
c:\users\devnvme\desktop\cppaudio\portaudio\build\msvc\x64\debug\pa_front.nativecodeanalysis.xml
c:\users\devnvme\desktop\cppaudio\portaudio\build\msvc\x64\debug\pa_process.nativecodeanalysis.sarif
c:\users\devnvme\desktop\cppaudio\portaudio\build\msvc\x64\debug\pa_process.nativecodeanalysis.xml
c:\users\devnvme\desktop\cppaudio\portaudio\build\msvc\x64\debug\pa_ringbuffer.nativecodeanalysis.sarif
c:\users\devnvme\desktop\cppaudio\portaudio\build\msvc\x64\debug\pa_ringbuffer.nativecodeanalysis.xml
c:\users\devnvme\desktop\cppaudio\portaudio\build\msvc\x64\debug\pa_stream.nativecodeanalysis.sarif
c:\users\devnvme\desktop\cppaudio\portaudio\build\msvc\x64\debug\pa_stream.nativecodeanalysis.xml
c:\users\devnvme\desktop\cppaudio\portaudio\build\msvc\x64\debug\pa_trace.nativecodeanalysis.sarif
c:\users\devnvme\desktop\cppaudio\portaudio\build\msvc\x64\debug\pa_trace.nativecodeanalysis.xml
c:\users\devnvme\desktop\cppaudio\portaudio\build\msvc\x64\debug\pa_win_ds.nativecodeanalysis.sarif
c:\users\devnvme\desktop\cppaudio\portaudio\build\msvc\x64\debug\pa_win_ds.nativecodeanalysis.xml
c:\users\devnvme\desktop\cppaudio\portaudio\build\msvc\x64\debug\pa_win_ds_dynlink.nativecodeanalysis.sarif
c:\users\devnvme\desktop\cppaudio\portaudio\build\msvc\x64\debug\pa_win_ds_dynlink.nativecodeanalysis.xml
c:\users\devnvme\desktop\cppaudio\portaudio\build\msvc\x64\debug\pa_hostapi_skeleton.nativecodeanalysis.sarif
c:\users\devnvme\desktop\cppaudio\portaudio\build\msvc\x64\debug\pa_hostapi_skeleton.nativecodeanalysis.xml
c:\users\devnvme\desktop\cppaudio\portaudio\build\msvc\x64\debug\pa_win_wasapi.nativecodeanalysis.sarif
c:\users\devnvme\desktop\cppaudio\portaudio\build\msvc\x64\debug\pa_win_wasapi.nativecodeanalysis.xml
c:\users\devnvme\desktop\cppaudio\portaudio\build\msvc\x64\debug\pa_win_wdmks.nativecodeanalysis.sarif
c:\users\devnvme\desktop\cppaudio\portaudio\build\msvc\x64\debug\pa_win_wdmks.nativecodeanalysis.xml
c:\users\devnvme\desktop\cppaudio\portaudio\build\msvc\x64\debug\pa_win_wmme.nativecodeanalysis.sarif
c:\users\devnvme\desktop\cppaudio\portaudio\build\msvc\x64\debug\pa_win_wmme.nativecodeanalysis.xml
c:\users\devnvme\desktop\cppaudio\portaudio\build\msvc\x64\debug\pa_win_coinitialize.nativecodeanalysis.sarif
c:\users\devnvme\desktop\cppaudio\portaudio\build\msvc\x64\debug\pa_win_coinitialize.nativecodeanalysis.xml
c:\users\devnvme\desktop\cppaudio\portaudio\build\msvc\x64\debug\pa_win_hostapis.nativecodeanalysis.sarif
c:\users\devnvme\desktop\cppaudio\portaudio\build\msvc\x64\debug\pa_win_hostapis.nativecodeanalysis.xml
c:\users\devnvme\desktop\cppaudio\portaudio\build\msvc\x64\debug\pa_win_util.nativecodeanalysis.sarif
c:\users\devnvme\desktop\cppaudio\portaudio\build\msvc\x64\debug\pa_win_util.nativecodeanalysis.xml
c:\users\devnvme\desktop\cppaudio\portaudio\build\msvc\x64\debug\pa_win_waveformat.nativecodeanalysis.sarif
c:\users\devnvme\desktop\cppaudio\portaudio\build\msvc\x64\debug\pa_win_waveformat.nativecodeanalysis.xml
c:\users\devnvme\desktop\cppaudio\portaudio\build\msvc\x64\debug\pa_win_wdmks_utils.nativecodeanalysis.sarif
c:\users\devnvme\desktop\cppaudio\portaudio\build\msvc\x64\debug\pa_win_wdmks_utils.nativecodeanalysis.xml
c:\users\devnvme\desktop\cppaudio\portaudio\build\msvc\x64\debug\pa_x86_plain_converters.nativecodeanalysis.sarif
c:\users\devnvme\desktop\cppaudio\portaudio\build\msvc\x64\debug\pa_x86_plain_converters.nativecodeanalysis.xml
c:\users\devnvme\desktop\cppaudio\portaudio\build\msvc\x64\debug\pa_x86_plain_converters.obj
c:\users\devnvme\desktop\cppaudio\portaudio\build\msvc\x64\debug\pa_win_wdmks_utils.obj
c:\users\devnvme\desktop\cppaudio\portaudio\build\msvc\x64\debug\pa_win_waveformat.obj
c:\users\devnvme\desktop\cppaudio\portaudio\build\msvc\x64\debug\pa_win_util.obj
c:\users\devnvme\desktop\cppaudio\portaudio\build\msvc\x64\debug\pa_win_hostapis.obj
c:\users\devnvme\desktop\cppaudio\portaudio\build\msvc\x64\debug\pa_win_coinitialize.obj
c:\users\devnvme\desktop\cppaudio\portaudio\build\msvc\x64\debug\pa_win_wmme.obj
c:\users\devnvme\desktop\cppaudio\portaudio\build\msvc\x64\debug\pa_win_wdmks.obj
c:\users\devnvme\desktop\cppaudio\portaudio\build\msvc\x64\debug\pa_win_wasapi.obj
c:\users\devnvme\desktop\cppaudio\portaudio\build\msvc\x64\debug\pa_hostapi_skeleton.obj
c:\users\devnvme\desktop\cppaudio\portaudio\build\msvc\x64\debug\pa_win_ds_dynlink.obj
c:\users\devnvme\desktop\cppaudio\portaudio\build\msvc\x64\debug\pa_win_ds.obj
c:\users\devnvme\desktop\cppaudio\portaudio\build\msvc\x64\debug\pa_trace.obj
c:\users\devnvme\desktop\cppaudio\portaudio\build\msvc\x64\debug\pa_stream.obj
c:\users\devnvme\desktop\cppaudio\portaudio\build\msvc\x64\debug\pa_ringbuffer.obj
c:\users\devnvme\desktop\cppaudio\portaudio\build\msvc\x64\debug\pa_process.obj
c:\users\devnvme\desktop\cppaudio\portaudio\build\msvc\x64\debug\pa_front.obj
c:\users\devnvme\desktop\cppaudio\portaudio\build\msvc\x64\debug\pa_dither.obj
c:\users\devnvme\desktop\cppaudio\portaudio\build\msvc\x64\debug\pa_debugprint.obj
c:\users\devnvme\desktop\cppaudio\portaudio\build\msvc\x64\debug\pa_cpuload.obj
c:\users\devnvme\desktop\cppaudio\portaudio\build\msvc\x64\debug\pa_allocation.nativecodeanalysis.sarif
c:\users\devnvme\desktop\cppaudio\portaudio\build\msvc\x64\debug\pa_allocation.nativecodeanalysis.xml
c:\users\devnvme\desktop\cppaudio\portaudio\build\msvc\x64\debug\pa_converters.nativecodeanalysis.sarif
c:\users\devnvme\desktop\cppaudio\portaudio\build\msvc\x64\debug\pa_converters.nativecodeanalysis.xml
c:\users\devnvme\desktop\cppaudio\portaudio\build\msvc\x64\debug\pa_converters.obj
c:\users\devnvme\desktop\cppaudio\portaudio\build\msvc\x64\debug\pa_allocation.obj
c:\users\devnvme\desktop\cppaudio\portaudio\build\msvc\x64\debug\asio.nativecodeanalysis.sarif
c:\users\devnvme\desktop\cppaudio\portaudio\build\msvc\x64\debug\asio.nativecodeanalysis.xml
c:\users\devnvme\desktop\cppaudio\portaudio\build\msvc\x64\debug\asiodrivers.nativecodeanalysis.sarif
c:\users\devnvme\desktop\cppaudio\portaudio\build\msvc\x64\debug\asiodrivers.nativecodeanalysis.xml
c:\users\devnvme\desktop\cppaudio\portaudio\build\msvc\x64\debug\asiolist.nativecodeanalysis.sarif
c:\users\devnvme\desktop\cppaudio\portaudio\build\msvc\x64\debug\asiolist.nativecodeanalysis.xml
c:\users\devnvme\desktop\cppaudio\portaudio\build\msvc\x64\debug\pa_asio.nativecodeanalysis.sarif
c:\users\devnvme\desktop\cppaudio\portaudio\build\msvc\x64\debug\pa_asio.nativecodeanalysis.xml
c:\users\devnvme\desktop\cppaudio\portaudio\build\msvc\x64\debug\pa_asio.obj
c:\users\devnvme\desktop\cppaudio\portaudio\build\msvc\x64\debug\asiolist.obj
c:\users\devnvme\desktop\cppaudio\portaudio\build\msvc\x64\debug\asiodrivers.obj
c:\users\devnvme\desktop\cppaudio\portaudio\build\msvc\x64\debug\asio.obj
c:\users\devnvme\desktop\cppaudio\portaudio\build\msvc\x64\debug\portaudio_x64.ilk
c:\users\devnvme\desktop\cppaudio\portaudio\build\msvc\x64\debug\portaudio_x64.dll
c:\users\devnvme\desktop\cppaudio\portaudio\build\msvc\x64\debug\portaudio_x64.pdb
c:\users\devnvme\desktop\cppaudio\portaudio\build\msvc\x64\debug\portaudio_x64.lib
c:\users\devnvme\desktop\cppaudio\portaudio\build\msvc\x64\debug\portaudio_x64.exp
c:\users\devnvme\desktop\cppaudio\portaudio\build\msvc\x64\debug\cppaudio-tdd.ilk
c:\users\devnvme\desktop\cppaudio\portaudio\build\msvc\x64\debug\cppaudio-tdd.pdb
c:\users\devnvme\desktop\cppaudio\portaudio\build\msvc\x64\debug\vc.nativecodeanalysis.all.xml
c:\users\devnvme\desktop\cppaudio\portaudio\build\msvc\x64\debug\portaudio.tlog\cl.command.1.tlog
c:\users\devnvme\desktop\cppaudio\portaudio\build\msvc\x64\debug\portaudio.tlog\cl.read.1.tlog
c:\users\devnvme\desktop\cppaudio\portaudio\build\msvc\x64\debug\portaudio.tlog\cl.write.1.tlog
c:\users\devnvme\desktop\cppaudio\portaudio\build\msvc\x64\debug\portaudio.tlog\link.command.1.tlog
c:\users\devnvme\desktop\cppaudio\portaudio\build\msvc\x64\debug\portaudio.tlog\link.read.1.tlog
c:\users\devnvme\desktop\cppaudio\portaudio\build\msvc\x64\debug\portaudio.tlog\link.write.1.tlog
c:\users\devnvme\desktop\cppaudio\portaudio\build\msvc\x64\debug\portaudio.tlog\portaudio.write.1u.tlog
