  pa_allocation.c
  pa_converters.c
  pa_cpuload.c
  pa_debugprint.c
  pa_dither.c
  pa_front.c
  pa_process.c
  pa_ringbuffer.c
  pa_stream.c
  pa_trace.c
  pa_win_ds.c
  pa_win_ds_dynlink.c
  pa_hostapi_skeleton.c
  pa_win_wasapi.c
  pa_win_wdmks.c
  pa_win_wmme.c
  pa_win_coinitialize.c
  pa_win_hostapis.c
  pa_win_util.c
  pa_win_waveformat.c
  Running Code Analysis for C/C++...
  Generating Code...
  Compiling...
  pa_win_wdmks_utils.c
  pa_x86_plain_converters.c
  Running Code Analysis for C/C++...
  Generating Code...
  asio.cpp
  asiodrivers.cpp
  asiolist.cpp
  pa_asio.cpp
  Running Code Analysis for C/C++...
  Generating Code...
C:\Program Files (x86)\Microsoft Visual Studio\2019\Community\MSBuild\Microsoft\VC\v160\Microsoft.CppBuild.targets(1341,5): warning MSB8012: TargetPath(C:\Users\DevNVME\Desktop\cppaudio\portaudio\build\msvc\x64\Debug\portaudio.dll) does not match the Linker's OutputFile property value (C:\Users\DevNVME\Desktop\cppaudio\portaudio\build\msvc\x64\Debug\portaudio_x64.dll). This may cause your project to build incorrectly. To correct this, please make sure that $(OutDir), $(TargetName) and $(TargetExt) property values match the value specified in %(Link.OutputFile).
C:\Program Files (x86)\Microsoft Visual Studio\2019\Community\MSBuild\Microsoft\VC\v160\Microsoft.CppBuild.targets(1343,5): warning MSB8012: TargetName(portaudio) does not match the Linker's OutputFile property value (portaudio_x64). This may cause your project to build incorrectly. To correct this, please make sure that $(OutDir), $(TargetName) and $(TargetExt) property values match the value specified in %(Link.OutputFile).
     Creating library x64\Debug\portaudio_x64.lib and object x64\Debug\portaudio_x64.exp
  portaudio.vcxproj -> C:\Users\DevNVME\Desktop\cppaudio\portaudio\build\msvc\x64\Debug\portaudio.dll
C:\Users\DevNVME\Desktop\cppaudio\portaudio\src\common\pa_converters.c(350): warning C26451: Arithmetic overflow: Using operator '*' on a 4 byte value and then casting the result to a 8 byte value. Cast the value to the wider type before calling operator '*' to avoid overflow (io.2).
C:\Users\DevNVME\Desktop\cppaudio\portaudio\src\common\pa_converters.c(407): warning C26451: Arithmetic overflow: Using operator '*' on a 4 byte value and then casting the result to a 8 byte value. Cast the value to the wider type before calling operator '*' to avoid overflow (io.2).
C:\Users\DevNVME\Desktop\cppaudio\portaudio\src\common\pa_converters.c(479): warning C26451: Arithmetic overflow: Using operator '*' on a 4 byte value and then casting the result to a 8 byte value. Cast the value to the wider type before calling operator '*' to avoid overflow (io.2).
C:\Users\DevNVME\Desktop\cppaudio\portaudio\src\common\pa_converters.c(515): warning C26451: Arithmetic overflow: Using operator '*' on a 4 byte value and then casting the result to a 8 byte value. Cast the value to the wider type before calling operator '*' to avoid overflow (io.2).
C:\Users\DevNVME\Desktop\cppaudio\portaudio\src\common\pa_converters.c(535): warning C26451: Arithmetic overflow: Using operator '*' on a 4 byte value and then casting the result to a 8 byte value. Cast the value to the wider type before calling operator '*' to avoid overflow (io.2).
C:\Users\DevNVME\Desktop\cppaudio\portaudio\src\common\pa_converters.c(550): warning C26451: Arithmetic overflow: Using operator '*' on a 4 byte value and then casting the result to a 8 byte value. Cast the value to the wider type before calling operator '*' to avoid overflow (io.2).
C:\Users\DevNVME\Desktop\cppaudio\portaudio\src\common\pa_converters.c(587): warning C26451: Arithmetic overflow: Using operator '*' on a 4 byte value and then casting the result to a 8 byte value. Cast the value to the wider type before calling operator '*' to avoid overflow (io.2).
C:\Users\DevNVME\Desktop\cppaudio\portaudio\src\common\pa_converters.c(927): warning C26451: Arithmetic overflow: Using operator '*' on a 4 byte value and then casting the result to a 8 byte value. Cast the value to the wider type before calling operator '*' to avoid overflow (io.2).
C:\Users\DevNVME\Desktop\cppaudio\portaudio\src\common\pa_converters.c(1099): warning C26451: Arithmetic overflow: Using operator '*' on a 4 byte value and then casting the result to a 8 byte value. Cast the value to the wider type before calling operator '*' to avoid overflow (io.2).
C:\Users\DevNVME\Desktop\cppaudio\portaudio\src\common\pa_converters.c(1132): warning C26451: Arithmetic overflow: Using operator '*' on a 4 byte value and then casting the result to a 8 byte value. Cast the value to the wider type before calling operator '*' to avoid overflow (io.2).
C:\Users\DevNVME\Desktop\cppaudio\portaudio\src\common\pa_converters.c(1166): warning C26451: Arithmetic overflow: Using operator '*' on a 4 byte value and then casting the result to a 8 byte value. Cast the value to the wider type before calling operator '*' to avoid overflow (io.2).
C:\Users\DevNVME\Desktop\cppaudio\portaudio\src\common\pa_converters.c(1200): warning C26451: Arithmetic overflow: Using operator '*' on a 4 byte value and then casting the result to a 8 byte value. Cast the value to the wider type before calling operator '*' to avoid overflow (io.2).
C:\Users\DevNVME\Desktop\cppaudio\portaudio\src\common\pa_converters.c(1230): warning C26451: Arithmetic overflow: Using operator '*' on a 4 byte value and then casting the result to a 8 byte value. Cast the value to the wider type before calling operator '*' to avoid overflow (io.2).
C:\Users\DevNVME\Desktop\cppaudio\portaudio\src\common\pa_converters.c(1264): warning C26451: Arithmetic overflow: Using operator '*' on a 4 byte value and then casting the result to a 8 byte value. Cast the value to the wider type before calling operator '*' to avoid overflow (io.2).
C:\Users\DevNVME\Desktop\cppaudio\portaudio\src\common\pa_converters.c(1294): warning C26451: Arithmetic overflow: Using operator '*' on a 4 byte value and then casting the result to a 8 byte value. Cast the value to the wider type before calling operator '*' to avoid overflow (io.2).
C:\Users\DevNVME\Desktop\cppaudio\portaudio\src\common\pa_converters.c(1388): warning C26451: Arithmetic overflow: Using operator '*' on a 4 byte value and then casting the result to a 8 byte value. Cast the value to the wider type before calling operator '*' to avoid overflow (io.2).
C:\Users\DevNVME\Desktop\cppaudio\portaudio\src\common\pa_converters.c(1538): warning C26451: Arithmetic overflow: Using operator '*' on a 4 byte value and then casting the result to a 8 byte value. Cast the value to the wider type before calling operator '*' to avoid overflow (io.2).
C:\Users\DevNVME\Desktop\cppaudio\portaudio\src\common\pa_converters.c(1648): warning C26451: Arithmetic overflow: Using operator '*' on a 4 byte value and then casting the result to a 8 byte value. Cast the value to the wider type before calling operator '*' to avoid overflow (io.2).
C:\Users\DevNVME\Desktop\cppaudio\portaudio\src\common\pa_converters.c(1752): warning C26451: Arithmetic overflow: Using operator '*' on a 4 byte value and then casting the result to a 8 byte value. Cast the value to the wider type before calling operator '*' to avoid overflow (io.2).
C:\Users\DevNVME\Desktop\cppaudio\portaudio\src\common\pa_converters.c(1753): warning C26451: Arithmetic overflow: Using operator '*' on a 4 byte value and then casting the result to a 8 byte value. Cast the value to the wider type before calling operator '*' to avoid overflow (io.2).
C:\Users\DevNVME\Desktop\cppaudio\portaudio\src\common\pa_converters.c(1952): warning C26451: Arithmetic overflow: Using operator '*' on a 4 byte value and then casting the result to a 8 byte value. Cast the value to the wider type before calling operator '*' to avoid overflow (io.2).
C:\Users\DevNVME\Desktop\cppaudio\portaudio\src\common\pa_process.c(779): warning C26451: Arithmetic overflow: Using operator '*' on a 4 byte value and then casting the result to a 8 byte value. Cast the value to the wider type before calling operator '*' to avoid overflow (io.2).
C:\Users\DevNVME\Desktop\cppaudio\portaudio\src\common\pa_process.c(779): warning C26451: Arithmetic overflow: Using operator '*' on a 4 byte value and then casting the result to a 8 byte value. Cast the value to the wider type before calling operator '*' to avoid overflow (io.2).
C:\Users\DevNVME\Desktop\cppaudio\portaudio\src\common\pa_process.c(805): warning C26451: Arithmetic overflow: Using operator '*' on a 4 byte value and then casting the result to a 8 byte value. Cast the value to the wider type before calling operator '*' to avoid overflow (io.2).
C:\Users\DevNVME\Desktop\cppaudio\portaudio\src\common\pa_process.c(805): warning C26451: Arithmetic overflow: Using operator '*' on a 4 byte value and then casting the result to a 8 byte value. Cast the value to the wider type before calling operator '*' to avoid overflow (io.2).
C:\Users\DevNVME\Desktop\cppaudio\portaudio\src\common\pa_process.c(821): warning C26451: Arithmetic overflow: Using operator '*' on a 4 byte value and then casting the result to a 8 byte value. Cast the value to the wider type before calling operator '*' to avoid overflow (io.2).
C:\Users\DevNVME\Desktop\cppaudio\portaudio\src\common\pa_process.c(821): warning C26451: Arithmetic overflow: Using operator '*' on a 4 byte value and then casting the result to a 8 byte value. Cast the value to the wider type before calling operator '*' to avoid overflow (io.2).
C:\Users\DevNVME\Desktop\cppaudio\portaudio\src\common\pa_process.c(865): warning C26451: Arithmetic overflow: Using operator '*' on a 4 byte value and then casting the result to a 8 byte value. Cast the value to the wider type before calling operator '*' to avoid overflow (io.2).
C:\Users\DevNVME\Desktop\cppaudio\portaudio\src\common\pa_process.c(865): warning C26451: Arithmetic overflow: Using operator '*' on a 4 byte value and then casting the result to a 8 byte value. Cast the value to the wider type before calling operator '*' to avoid overflow (io.2).
C:\Users\DevNVME\Desktop\cppaudio\portaudio\src\common\pa_process.c(896): warning C26451: Arithmetic overflow: Using operator '*' on a 4 byte value and then casting the result to a 8 byte value. Cast the value to the wider type before calling operator '*' to avoid overflow (io.2).
C:\Users\DevNVME\Desktop\cppaudio\portaudio\src\common\pa_process.c(896): warning C26451: Arithmetic overflow: Using operator '*' on a 4 byte value and then casting the result to a 8 byte value. Cast the value to the wider type before calling operator '*' to avoid overflow (io.2).
C:\Users\DevNVME\Desktop\cppaudio\portaudio\src\common\pa_process.c(926): warning C26451: Arithmetic overflow: Using operator '*' on a 4 byte value and then casting the result to a 8 byte value. Cast the value to the wider type before calling operator '*' to avoid overflow (io.2).
C:\Users\DevNVME\Desktop\cppaudio\portaudio\src\common\pa_process.c(926): warning C26451: Arithmetic overflow: Using operator '*' on a 4 byte value and then casting the result to a 8 byte value. Cast the value to the wider type before calling operator '*' to avoid overflow (io.2).
C:\Users\DevNVME\Desktop\cppaudio\portaudio\src\common\pa_process.c(956): warning C26451: Arithmetic overflow: Using operator '*' on a 4 byte value and then casting the result to a 8 byte value. Cast the value to the wider type before calling operator '*' to avoid overflow (io.2).
C:\Users\DevNVME\Desktop\cppaudio\portaudio\src\common\pa_process.c(956): warning C26451: Arithmetic overflow: Using operator '*' on a 4 byte value and then casting the result to a 8 byte value. Cast the value to the wider type before calling operator '*' to avoid overflow (io.2).
C:\Users\DevNVME\Desktop\cppaudio\portaudio\src\common\pa_process.c(999): warning C26451: Arithmetic overflow: Using operator '*' on a 4 byte value and then casting the result to a 8 byte value. Cast the value to the wider type before calling operator '*' to avoid overflow (io.2).
C:\Users\DevNVME\Desktop\cppaudio\portaudio\src\common\pa_process.c(999): warning C26451: Arithmetic overflow: Using operator '*' on a 4 byte value and then casting the result to a 8 byte value. Cast the value to the wider type before calling operator '*' to avoid overflow (io.2).
C:\Users\DevNVME\Desktop\cppaudio\portaudio\src\common\pa_process.c(1010): warning C26451: Arithmetic overflow: Using operator '*' on a 4 byte value and then casting the result to a 8 byte value. Cast the value to the wider type before calling operator '*' to avoid overflow (io.2).
C:\Users\DevNVME\Desktop\cppaudio\portaudio\src\common\pa_process.c(1019): warning C26451: Arithmetic overflow: Using operator '*' on a 4 byte value and then casting the result to a 8 byte value. Cast the value to the wider type before calling operator '*' to avoid overflow (io.2).
C:\Users\DevNVME\Desktop\cppaudio\portaudio\src\common\pa_process.c(1019): warning C26451: Arithmetic overflow: Using operator '*' on a 4 byte value and then casting the result to a 8 byte value. Cast the value to the wider type before calling operator '*' to avoid overflow (io.2).
C:\Users\DevNVME\Desktop\cppaudio\portaudio\src\common\pa_process.c(1036): warning C26451: Arithmetic overflow: Using operator '*' on a 4 byte value and then casting the result to a 8 byte value. Cast the value to the wider type before calling operator '*' to avoid overflow (io.2).
C:\Users\DevNVME\Desktop\cppaudio\portaudio\src\common\pa_process.c(1036): warning C26451: Arithmetic overflow: Using operator '*' on a 4 byte value and then casting the result to a 8 byte value. Cast the value to the wider type before calling operator '*' to avoid overflow (io.2).
C:\Users\DevNVME\Desktop\cppaudio\portaudio\src\common\pa_process.c(1109): warning C26451: Arithmetic overflow: Using operator '*' on a 4 byte value and then casting the result to a 8 byte value. Cast the value to the wider type before calling operator '*' to avoid overflow (io.2).
C:\Users\DevNVME\Desktop\cppaudio\portaudio\src\common\pa_process.c(1109): warning C26451: Arithmetic overflow: Using operator '*' on a 4 byte value and then casting the result to a 8 byte value. Cast the value to the wider type before calling operator '*' to avoid overflow (io.2).
C:\Users\DevNVME\Desktop\cppaudio\portaudio\src\common\pa_process.c(1142): warning C26451: Arithmetic overflow: Using operator '*' on a 4 byte value and then casting the result to a 8 byte value. Cast the value to the wider type before calling operator '*' to avoid overflow (io.2).
C:\Users\DevNVME\Desktop\cppaudio\portaudio\src\common\pa_process.c(1142): warning C26451: Arithmetic overflow: Using operator '*' on a 4 byte value and then casting the result to a 8 byte value. Cast the value to the wider type before calling operator '*' to avoid overflow (io.2).
C:\Users\DevNVME\Desktop\cppaudio\portaudio\src\common\pa_process.c(1151): warning C26451: Arithmetic overflow: Using operator '*' on a 4 byte value and then casting the result to a 8 byte value. Cast the value to the wider type before calling operator '*' to avoid overflow (io.2).
C:\Users\DevNVME\Desktop\cppaudio\portaudio\src\common\pa_process.c(1169): warning C26451: Arithmetic overflow: Using operator '*' on a 4 byte value and then casting the result to a 8 byte value. Cast the value to the wider type before calling operator '*' to avoid overflow (io.2).
C:\Users\DevNVME\Desktop\cppaudio\portaudio\src\common\pa_process.c(1169): warning C26451: Arithmetic overflow: Using operator '*' on a 4 byte value and then casting the result to a 8 byte value. Cast the value to the wider type before calling operator '*' to avoid overflow (io.2).
C:\Users\DevNVME\Desktop\cppaudio\portaudio\src\common\pa_process.c(1191): warning C26451: Arithmetic overflow: Using operator '*' on a 4 byte value and then casting the result to a 8 byte value. Cast the value to the wider type before calling operator '*' to avoid overflow (io.2).
C:\Users\DevNVME\Desktop\cppaudio\portaudio\src\common\pa_process.c(1191): warning C26451: Arithmetic overflow: Using operator '*' on a 4 byte value and then casting the result to a 8 byte value. Cast the value to the wider type before calling operator '*' to avoid overflow (io.2).
C:\Users\DevNVME\Desktop\cppaudio\portaudio\src\common\pa_process.c(1239): warning C26451: Arithmetic overflow: Using operator '*' on a 4 byte value and then casting the result to a 8 byte value. Cast the value to the wider type before calling operator '*' to avoid overflow (io.2).
C:\Users\DevNVME\Desktop\cppaudio\portaudio\src\common\pa_process.c(1239): warning C26451: Arithmetic overflow: Using operator '*' on a 4 byte value and then casting the result to a 8 byte value. Cast the value to the wider type before calling operator '*' to avoid overflow (io.2).
C:\Users\DevNVME\Desktop\cppaudio\portaudio\src\common\pa_process.c(1248): warning C26451: Arithmetic overflow: Using operator '*' on a 4 byte value and then casting the result to a 8 byte value. Cast the value to the wider type before calling operator '*' to avoid overflow (io.2).
C:\Users\DevNVME\Desktop\cppaudio\portaudio\src\common\pa_process.c(1267): warning C26451: Arithmetic overflow: Using operator '*' on a 4 byte value and then casting the result to a 8 byte value. Cast the value to the wider type before calling operator '*' to avoid overflow (io.2).
C:\Users\DevNVME\Desktop\cppaudio\portaudio\src\common\pa_process.c(1267): warning C26451: Arithmetic overflow: Using operator '*' on a 4 byte value and then casting the result to a 8 byte value. Cast the value to the wider type before calling operator '*' to avoid overflow (io.2).
C:\Users\DevNVME\Desktop\cppaudio\portaudio\src\common\pa_process.c(1338): warning C26451: Arithmetic overflow: Using operator '*' on a 4 byte value and then casting the result to a 8 byte value. Cast the value to the wider type before calling operator '*' to avoid overflow (io.2).
C:\Users\DevNVME\Desktop\cppaudio\portaudio\src\common\pa_process.c(1338): warning C26451: Arithmetic overflow: Using operator '*' on a 4 byte value and then casting the result to a 8 byte value. Cast the value to the wider type before calling operator '*' to avoid overflow (io.2).
C:\Users\DevNVME\Desktop\cppaudio\portaudio\src\common\pa_process.c(1368): warning C26451: Arithmetic overflow: Using operator '*' on a 4 byte value and then casting the result to a 8 byte value. Cast the value to the wider type before calling operator '*' to avoid overflow (io.2).
C:\Users\DevNVME\Desktop\cppaudio\portaudio\src\common\pa_process.c(1368): warning C26451: Arithmetic overflow: Using operator '*' on a 4 byte value and then casting the result to a 8 byte value. Cast the value to the wider type before calling operator '*' to avoid overflow (io.2).
C:\Users\DevNVME\Desktop\cppaudio\portaudio\src\common\pa_process.c(1377): warning C26451: Arithmetic overflow: Using operator '*' on a 4 byte value and then casting the result to a 8 byte value. Cast the value to the wider type before calling operator '*' to avoid overflow (io.2).
C:\Users\DevNVME\Desktop\cppaudio\portaudio\src\common\pa_process.c(1394): warning C26451: Arithmetic overflow: Using operator '*' on a 4 byte value and then casting the result to a 8 byte value. Cast the value to the wider type before calling operator '*' to avoid overflow (io.2).
C:\Users\DevNVME\Desktop\cppaudio\portaudio\src\common\pa_process.c(1394): warning C26451: Arithmetic overflow: Using operator '*' on a 4 byte value and then casting the result to a 8 byte value. Cast the value to the wider type before calling operator '*' to avoid overflow (io.2).
C:\Users\DevNVME\Desktop\cppaudio\portaudio\src\common\pa_process.c(1427): warning C26451: Arithmetic overflow: Using operator '*' on a 4 byte value and then casting the result to a 8 byte value. Cast the value to the wider type before calling operator '*' to avoid overflow (io.2).
C:\Users\DevNVME\Desktop\cppaudio\portaudio\src\common\pa_process.c(1427): warning C26451: Arithmetic overflow: Using operator '*' on a 4 byte value and then casting the result to a 8 byte value. Cast the value to the wider type before calling operator '*' to avoid overflow (io.2).
C:\Users\DevNVME\Desktop\cppaudio\portaudio\src\common\pa_process.c(1443): warning C26451: Arithmetic overflow: Using operator '*' on a 4 byte value and then casting the result to a 8 byte value. Cast the value to the wider type before calling operator '*' to avoid overflow (io.2).
C:\Users\DevNVME\Desktop\cppaudio\portaudio\src\common\pa_process.c(1443): warning C26451: Arithmetic overflow: Using operator '*' on a 4 byte value and then casting the result to a 8 byte value. Cast the value to the wider type before calling operator '*' to avoid overflow (io.2).
C:\Users\DevNVME\Desktop\cppaudio\portaudio\src\common\pa_process.c(1694): warning C26451: Arithmetic overflow: Using operator '*' on a 4 byte value and then casting the result to a 8 byte value. Cast the value to the wider type before calling operator '*' to avoid overflow (io.2).
C:\Users\DevNVME\Desktop\cppaudio\portaudio\src\common\pa_process.c(1694): warning C26451: Arithmetic overflow: Using operator '*' on a 4 byte value and then casting the result to a 8 byte value. Cast the value to the wider type before calling operator '*' to avoid overflow (io.2).
C:\Users\DevNVME\Desktop\cppaudio\portaudio\src\common\pa_process.c(1699): warning C26451: Arithmetic overflow: Using operator '*' on a 4 byte value and then casting the result to a 8 byte value. Cast the value to the wider type before calling operator '*' to avoid overflow (io.2).
C:\Users\DevNVME\Desktop\cppaudio\portaudio\src\common\pa_process.c(1699): warning C26451: Arithmetic overflow: Using operator '*' on a 4 byte value and then casting the result to a 8 byte value. Cast the value to the wider type before calling operator '*' to avoid overflow (io.2).
C:\Users\DevNVME\Desktop\cppaudio\portaudio\src\common\pa_process.c(1719): warning C26451: Arithmetic overflow: Using operator '*' on a 4 byte value and then casting the result to a 8 byte value. Cast the value to the wider type before calling operator '*' to avoid overflow (io.2).
C:\Users\DevNVME\Desktop\cppaudio\portaudio\src\common\pa_process.c(1724): warning C26451: Arithmetic overflow: Using operator '*' on a 4 byte value and then casting the result to a 8 byte value. Cast the value to the wider type before calling operator '*' to avoid overflow (io.2).
C:\Users\DevNVME\Desktop\cppaudio\portaudio\src\common\pa_process.c(1724): warning C26451: Arithmetic overflow: Using operator '*' on a 4 byte value and then casting the result to a 8 byte value. Cast the value to the wider type before calling operator '*' to avoid overflow (io.2).
C:\Users\DevNVME\Desktop\cppaudio\portaudio\src\common\pa_process.c(1765): warning C26451: Arithmetic overflow: Using operator '*' on a 4 byte value and then casting the result to a 8 byte value. Cast the value to the wider type before calling operator '*' to avoid overflow (io.2).
C:\Users\DevNVME\Desktop\cppaudio\portaudio\src\common\pa_process.c(1765): warning C26451: Arithmetic overflow: Using operator '*' on a 4 byte value and then casting the result to a 8 byte value. Cast the value to the wider type before calling operator '*' to avoid overflow (io.2).
C:\Users\DevNVME\Desktop\cppaudio\portaudio\src\common\pa_process.c(1770): warning C26451: Arithmetic overflow: Using operator '*' on a 4 byte value and then casting the result to a 8 byte value. Cast the value to the wider type before calling operator '*' to avoid overflow (io.2).
C:\Users\DevNVME\Desktop\cppaudio\portaudio\src\common\pa_process.c(1770): warning C26451: Arithmetic overflow: Using operator '*' on a 4 byte value and then casting the result to a 8 byte value. Cast the value to the wider type before calling operator '*' to avoid overflow (io.2).
C:\Users\DevNVME\Desktop\cppaudio\portaudio\src\common\pa_process.c(1792): warning C26451: Arithmetic overflow: Using operator '*' on a 4 byte value and then casting the result to a 8 byte value. Cast the value to the wider type before calling operator '*' to avoid overflow (io.2).
C:\Users\DevNVME\Desktop\cppaudio\portaudio\src\common\pa_process.c(1797): warning C26451: Arithmetic overflow: Using operator '*' on a 4 byte value and then casting the result to a 8 byte value. Cast the value to the wider type before calling operator '*' to avoid overflow (io.2).
C:\Users\DevNVME\Desktop\cppaudio\portaudio\src\common\pa_process.c(1797): warning C26451: Arithmetic overflow: Using operator '*' on a 4 byte value and then casting the result to a 8 byte value. Cast the value to the wider type before calling operator '*' to avoid overflow (io.2).
C:\Users\DevNVME\Desktop\cppaudio\portaudio\src\common\pa_process.c(1825): warning C26451: Arithmetic overflow: Using operator '*' on a 4 byte value and then casting the result to a 8 byte value. Cast the value to the wider type before calling operator '*' to avoid overflow (io.2).
C:\Users\DevNVME\Desktop\cppaudio\portaudio\src\common\pa_process.c(1825): warning C26451: Arithmetic overflow: Using operator '*' on a 4 byte value and then casting the result to a 8 byte value. Cast the value to the wider type before calling operator '*' to avoid overflow (io.2).
C:\Users\DevNVME\Desktop\cppaudio\portaudio\src\common\pa_ringbuffer.c(206): warning C26451: Arithmetic overflow: Using operator '*' on a 4 byte value and then casting the result to a 8 byte value. Cast the value to the wider type before calling operator '*' to avoid overflow (io.2).
C:\Users\DevNVME\Desktop\cppaudio\portaudio\src\common\pa_ringbuffer.c(207): warning C26451: Arithmetic overflow: Using operator '*' on a 4 byte value and then casting the result to a 8 byte value. Cast the value to the wider type before calling operator '*' to avoid overflow (io.2).
C:\Users\DevNVME\Desktop\cppaudio\portaudio\src\common\pa_ringbuffer.c(208): warning C26451: Arithmetic overflow: Using operator '*' on a 4 byte value and then casting the result to a 8 byte value. Cast the value to the wider type before calling operator '*' to avoid overflow (io.2).
C:\Users\DevNVME\Desktop\cppaudio\portaudio\src\common\pa_ringbuffer.c(212): warning C26451: Arithmetic overflow: Using operator '*' on a 4 byte value and then casting the result to a 8 byte value. Cast the value to the wider type before calling operator '*' to avoid overflow (io.2).
C:\Users\DevNVME\Desktop\cppaudio\portaudio\src\common\pa_ringbuffer.c(227): warning C26451: Arithmetic overflow: Using operator '*' on a 4 byte value and then casting the result to a 8 byte value. Cast the value to the wider type before calling operator '*' to avoid overflow (io.2).
C:\Users\DevNVME\Desktop\cppaudio\portaudio\src\common\pa_ringbuffer.c(228): warning C26451: Arithmetic overflow: Using operator '*' on a 4 byte value and then casting the result to a 8 byte value. Cast the value to the wider type before calling operator '*' to avoid overflow (io.2).
C:\Users\DevNVME\Desktop\cppaudio\portaudio\src\common\pa_ringbuffer.c(229): warning C26451: Arithmetic overflow: Using operator '*' on a 4 byte value and then casting the result to a 8 byte value. Cast the value to the wider type before calling operator '*' to avoid overflow (io.2).
C:\Users\DevNVME\Desktop\cppaudio\portaudio\src\common\pa_ringbuffer.c(233): warning C26451: Arithmetic overflow: Using operator '*' on a 4 byte value and then casting the result to a 8 byte value. Cast the value to the wider type before calling operator '*' to avoid overflow (io.2).
C:\Users\DevNVME\Desktop\cppaudio\portaudio\src\hostapi\asio\ASIOSDK\host\asiodrivers.cpp(90): warning C26495: Variable 'AsioDrivers::connID' is uninitialized. Always initialize a member variable (type.6).
C:\Users\DevNVME\Desktop\cppaudio\portaudio\src\hostapi\asio\ASIOSDK\host\pc\asiolist.cpp(71): warning C6387: 'dllpath' could be '0':  this does not adhere to the specification for the function 'OpenFile'. 
C:\Users\DevNVME\Desktop\cppaudio\portaudio\src\hostapi\asio\ASIOSDK\host\pc\asiolist.cpp(197): warning C6031: Return value ignored: 'CoInitialize'.
C:\Users\DevNVME\Desktop\cppaudio\portaudio\src\hostapi\asio\ASIOSDK\host\pc\asiolist.cpp(267): warning C26451: Arithmetic overflow: Using operator '-' on a 4 byte value and then casting the result to a 8 byte value. Cast the value to the wider type before calling operator '-' to avoid overflow (io.2).
C:\Users\DevNVME\Desktop\cppaudio\portaudio\src\hostapi\asio\pa_asio.cpp(336): warning C26451: Arithmetic overflow: Using operator '*' on a 4 byte value and then casting the result to a 8 byte value. Cast the value to the wider type before calling operator '*' to avoid overflow (io.2).
C:\Users\DevNVME\Desktop\cppaudio\portaudio\src\hostapi\asio\pa_asio.cpp(566): warning C26451: Arithmetic overflow: Using operator '-' on a 4 byte value and then casting the result to a 8 byte value. Cast the value to the wider type before calling operator '-' to avoid overflow (io.2).
C:\Users\DevNVME\Desktop\cppaudio\portaudio\src\hostapi\asio\pa_asio.cpp(567): warning C26451: Arithmetic overflow: Using operator '-' on a 4 byte value and then casting the result to a 8 byte value. Cast the value to the wider type before calling operator '-' to avoid overflow (io.2).
C:\Users\DevNVME\Desktop\cppaudio\portaudio\src\hostapi\asio\pa_asio.cpp(588): warning C26451: Arithmetic overflow: Using operator '-' on a 4 byte value and then casting the result to a 8 byte value. Cast the value to the wider type before calling operator '-' to avoid overflow (io.2).
C:\Users\DevNVME\Desktop\cppaudio\portaudio\src\hostapi\asio\pa_asio.cpp(589): warning C26451: Arithmetic overflow: Using operator '-' on a 4 byte value and then casting the result to a 8 byte value. Cast the value to the wider type before calling operator '-' to avoid overflow (io.2).
C:\Users\DevNVME\Desktop\cppaudio\portaudio\src\hostapi\asio\pa_asio.cpp(961): warning C6031: Return value ignored: 'CoInitialize'.
C:\Users\DevNVME\Desktop\cppaudio\portaudio\src\hostapi\asio\pa_asio.cpp(1116): warning C26451: Arithmetic overflow: Using operator '+' on a 4 byte value and then casting the result to a 8 byte value. Cast the value to the wider type before calling operator '+' to avoid overflow (io.2).
C:\Users\DevNVME\Desktop\cppaudio\portaudio\src\hostapi\asio\pa_asio.cpp(1287): warning C6387: 'Temp_value_#768' could be '0':  this does not adhere to the specification for the function 'GetProcAddress'. 
C:\Users\DevNVME\Desktop\cppaudio\portaudio\src\hostapi\asio\pa_asio.cpp(1223): warning C6001: Using uninitialized memory 'asioHostApi'.
C:\Users\DevNVME\Desktop\cppaudio\portaudio\src\hostapi\asio\pa_asio.cpp(1515): warning C6001: Using uninitialized memory 'asioDeviceIndex'.
C:\Users\DevNVME\Desktop\cppaudio\portaudio\src\hostapi\asio\pa_asio.cpp(1660): warning C26451: Arithmetic overflow: Using operator '*' on a 4 byte value and then casting the result to a 8 byte value. Cast the value to the wider type before calling operator '*' to avoid overflow (io.2).
C:\Users\DevNVME\Desktop\cppaudio\portaudio\src\hostapi\asio\pa_asio.cpp(2132): warning C6001: Using uninitialized memory 'asioDeviceIndex'.
C:\Users\DevNVME\Desktop\cppaudio\portaudio\src\hostapi\asio\pa_asio.cpp(2225): warning C26451: Arithmetic overflow: Using operator '+' on a 4 byte value and then casting the result to a 8 byte value. Cast the value to the wider type before calling operator '+' to avoid overflow (io.2).
C:\Users\DevNVME\Desktop\cppaudio\portaudio\src\hostapi\asio\pa_asio.cpp(2343): warning C26451: Arithmetic overflow: Using operator '+' on a 4 byte value and then casting the result to a 8 byte value. Cast the value to the wider type before calling operator '+' to avoid overflow (io.2).
C:\Users\DevNVME\Desktop\cppaudio\portaudio\src\hostapi\asio\pa_asio.cpp(2366): warning C26451: Arithmetic overflow: Using operator '+' on a 4 byte value and then casting the result to a 8 byte value. Cast the value to the wider type before calling operator '+' to avoid overflow (io.2).
C:\Users\DevNVME\Desktop\cppaudio\portaudio\src\hostapi\asio\pa_asio.cpp(2579): warning C26451: Arithmetic overflow: Using operator '+' on a 4 byte value and then casting the result to a 8 byte value. Cast the value to the wider type before calling operator '+' to avoid overflow (io.2).
C:\Users\DevNVME\Desktop\cppaudio\portaudio\src\hostapi\asio\pa_asio.cpp(2578): warning C26451: Arithmetic overflow: Using operator '+' on a 4 byte value and then casting the result to a 8 byte value. Cast the value to the wider type before calling operator '+' to avoid overflow (io.2).
C:\Users\DevNVME\Desktop\cppaudio\portaudio\src\hostapi\asio\pa_asio.cpp(2577): warning C26451: Arithmetic overflow: Using operator '+' on a 4 byte value and then casting the result to a 8 byte value. Cast the value to the wider type before calling operator '+' to avoid overflow (io.2).
C:\Users\DevNVME\Desktop\cppaudio\portaudio\src\hostapi\asio\pa_asio.cpp(2670): warning C26451: Arithmetic overflow: Using operator '+' on a 4 byte value and then casting the result to a 8 byte value. Cast the value to the wider type before calling operator '+' to avoid overflow (io.2).
C:\Users\DevNVME\Desktop\cppaudio\portaudio\src\hostapi\asio\pa_asio.cpp(2669): warning C26451: Arithmetic overflow: Using operator '+' on a 4 byte value and then casting the result to a 8 byte value. Cast the value to the wider type before calling operator '+' to avoid overflow (io.2).
C:\Users\DevNVME\Desktop\cppaudio\portaudio\src\hostapi\asio\pa_asio.cpp(2668): warning C26451: Arithmetic overflow: Using operator '+' on a 4 byte value and then casting the result to a 8 byte value. Cast the value to the wider type before calling operator '+' to avoid overflow (io.2).
C:\Users\DevNVME\Desktop\cppaudio\portaudio\src\hostapi\asio\pa_asio.cpp(2725): warning C26451: Arithmetic overflow: Using operator '+' on a 4 byte value and then casting the result to a 8 byte value. Cast the value to the wider type before calling operator '+' to avoid overflow (io.2).
C:\Users\DevNVME\Desktop\cppaudio\portaudio\src\hostapi\asio\pa_asio.cpp(2728): warning C26451: Arithmetic overflow: Using operator '+' on a 4 byte value and then casting the result to a 8 byte value. Cast the value to the wider type before calling operator '+' to avoid overflow (io.2).
C:\Users\DevNVME\Desktop\cppaudio\portaudio\src\hostapi\asio\pa_asio.cpp(3431): warning C26451: Arithmetic overflow: Using operator '*' on a 4 byte value and then casting the result to a 8 byte value. Cast the value to the wider type before calling operator '*' to avoid overflow (io.2).
C:\Users\DevNVME\Desktop\cppaudio\portaudio\src\hostapi\asio\pa_asio.cpp(3431): warning C26451: Arithmetic overflow: Using operator '*' on a 4 byte value and then casting the result to a 8 byte value. Cast the value to the wider type before calling operator '*' to avoid overflow (io.2).
C:\Users\DevNVME\Desktop\cppaudio\portaudio\src\hostapi\asio\pa_asio.cpp(3593): warning C26451: Arithmetic overflow: Using operator '*' on a 4 byte value and then casting the result to a 8 byte value. Cast the value to the wider type before calling operator '*' to avoid overflow (io.2).
C:\Users\DevNVME\Desktop\cppaudio\portaudio\src\hostapi\asio\pa_asio.cpp(3593): warning C26451: Arithmetic overflow: Using operator '*' on a 4 byte value and then casting the result to a 8 byte value. Cast the value to the wider type before calling operator '*' to avoid overflow (io.2).
C:\Users\DevNVME\Desktop\cppaudio\portaudio\src\hostapi\asio\pa_asio.cpp(3760): warning C26451: Arithmetic overflow: Using operator '*' on a 4 byte value and then casting the result to a 8 byte value. Cast the value to the wider type before calling operator '*' to avoid overflow (io.2).
C:\Users\DevNVME\Desktop\cppaudio\portaudio\src\hostapi\asio\pa_asio.cpp(3760): warning C26451: Arithmetic overflow: Using operator '*' on a 4 byte value and then casting the result to a 8 byte value. Cast the value to the wider type before calling operator '*' to avoid overflow (io.2).
C:\Users\DevNVME\Desktop\cppaudio\portaudio\src\hostapi\dsound\pa_win_ds.c(338): warning C28159: Consider using 'IsWindows*' instead of 'GetVersionExA'. Reason: Deprecated. Use VerifyVersionInfo* or IsWindows* macros from VersionHelpers.
C:\Users\DevNVME\Desktop\cppaudio\portaudio\src\hostapi\dsound\pa_win_ds.c(1836): warning C26451: Arithmetic overflow: Using operator '+' on a 4 byte value and then casting the result to a 8 byte value. Cast the value to the wider type before calling operator '+' to avoid overflow (io.2).
C:\Users\DevNVME\Desktop\cppaudio\portaudio\src\hostapi\dsound\pa_win_ds.c(1847): warning C26451: Arithmetic overflow: Using operator '+' on a 4 byte value and then casting the result to a 8 byte value. Cast the value to the wider type before calling operator '+' to avoid overflow (io.2).
C:\Users\DevNVME\Desktop\cppaudio\portaudio\src\hostapi\dsound\pa_win_ds.c(2171): warning C26451: Arithmetic overflow: Using operator '*' on a 4 byte value and then casting the result to a 8 byte value. Cast the value to the wider type before calling operator '*' to avoid overflow (io.2).
C:\Users\DevNVME\Desktop\cppaudio\portaudio\src\hostapi\dsound\pa_win_ds.c(2516): warning C26451: Arithmetic overflow: Using operator '-' on a 4 byte value and then casting the result to a 8 byte value. Cast the value to the wider type before calling operator '-' to avoid overflow (io.2).
C:\Users\DevNVME\Desktop\cppaudio\portaudio\src\hostapi\wasapi\pa_win_wasapi.c(1142): warning C6387: 'Temp_value_#637' could be '0':  this does not adhere to the specification for the function 'GetProcAddress'. 
C:\Users\DevNVME\Desktop\cppaudio\portaudio\src\hostapi\wasapi\pa_win_wasapi.c(1184): warning C6387: 'Temp_value_#653' could be '0':  this does not adhere to the specification for the function 'GetProcAddress'. 
C:\Users\DevNVME\Desktop\cppaudio\portaudio\src\hostapi\wasapi\pa_win_wasapi.c(1185): warning C6387: 'Temp_value_#656' could be '0':  this does not adhere to the specification for the function 'GetProcAddress'. 
C:\Users\DevNVME\Desktop\cppaudio\portaudio\src\hostapi\wasapi\pa_win_wasapi.c(1223): warning C6387: 'Temp_value_#711' could be '0':  this does not adhere to the specification for the function 'GetProcAddress'. 
C:\Users\DevNVME\Desktop\cppaudio\portaudio\src\hostapi\wasapi\pa_win_wasapi.c(1245): warning C6387: 'Temp_value_#715' could be '0':  this does not adhere to the specification for the function 'GetProcAddress'. 
C:\Users\DevNVME\Desktop\cppaudio\portaudio\src\hostapi\wasapi\pa_win_wasapi.c(1445): warning C26451: Arithmetic overflow: Using operator '*' on a 4 byte value and then casting the result to a 8 byte value. Cast the value to the wider type before calling operator '*' to avoid overflow (io.2).
C:\Users\DevNVME\Desktop\cppaudio\portaudio\src\hostapi\wasapi\pa_win_wasapi.c(1468): warning C26451: Arithmetic overflow: Using operator '*' on a 4 byte value and then casting the result to a 8 byte value. Cast the value to the wider type before calling operator '*' to avoid overflow (io.2).
C:\Users\DevNVME\Desktop\cppaudio\portaudio\src\hostapi\wasapi\pa_win_wasapi.c(1502): warning C26451: Arithmetic overflow: Using operator '*' on a 4 byte value and then casting the result to a 8 byte value. Cast the value to the wider type before calling operator '*' to avoid overflow (io.2).
C:\Users\DevNVME\Desktop\cppaudio\portaudio\src\hostapi\wasapi\pa_win_wasapi.c(2830): warning C6216: Compiler-inserted cast between semantically different integral types:  a Boolean type to HRESULT.
C:\Users\DevNVME\Desktop\cppaudio\portaudio\src\hostapi\wasapi\pa_win_wasapi.c(2830): warning C6217: Implicit cast between semantically different integer types:  testing HRESULT with 'not'.  Consider using SUCCEEDED or FAILED macro instead.
C:\Users\DevNVME\Desktop\cppaudio\portaudio\src\hostapi\wasapi\pa_win_wasapi.c(2893): warning C6216: Compiler-inserted cast between semantically different integral types:  a Boolean type to HRESULT.
C:\Users\DevNVME\Desktop\cppaudio\portaudio\src\hostapi\wasapi\pa_win_wasapi.c(2893): warning C6217: Implicit cast between semantically different integer types:  testing HRESULT with 'not'.  Consider using SUCCEEDED or FAILED macro instead.
C:\Users\DevNVME\Desktop\cppaudio\portaudio\src\hostapi\wasapi\pa_win_wasapi.c(4633): warning C6255: _alloca indicates failure by raising a stack overflow exception.  Consider using _malloca instead.
C:\Users\DevNVME\Desktop\cppaudio\portaudio\src\hostapi\wasapi\pa_win_wasapi.c(4812): warning C6255: _alloca indicates failure by raising a stack overflow exception.  Consider using _malloca instead.
C:\Users\DevNVME\Desktop\cppaudio\portaudio\src\hostapi\wasapi\pa_win_wasapi.c(6450): warning C6011: Dereferencing NULL pointer 'stream->out.monoMixer'. 
C:\Users\DevNVME\Desktop\cppaudio\portaudio\src\hostapi\wdmks\pa_win_wdmks.c(664): warning C28159: Consider using 'IsWindows*' instead of 'GetVersionExA'. Reason: Deprecated. Use VerifyVersionInfo* or IsWindows* macros from VersionHelpers.
C:\Users\DevNVME\Desktop\cppaudio\portaudio\src\hostapi\wdmks\pa_win_wdmks.c(798): warning C6255: _alloca indicates failure by raising a stack overflow exception.  Consider using _malloca instead.
C:\Users\DevNVME\Desktop\cppaudio\portaudio\src\hostapi\wdmks\pa_win_wdmks.c(1266): warning C26451: Arithmetic overflow: Using operator '-' on a 4 byte value and then casting the result to a 8 byte value. Cast the value to the wider type before calling operator '-' to avoid overflow (io.2).
C:\Users\DevNVME\Desktop\cppaudio\portaudio\src\hostapi\wdmks\pa_win_wdmks.c(1579): warning C6385: Reading invalid data from 'defaultSampleRateSearchOrder':  the readable size is '52' bytes, but 'defaultSampleRateIndex' bytes may be read.
C:\Users\DevNVME\Desktop\cppaudio\portaudio\src\hostapi\wdmks\pa_win_wdmks.c(3597): warning C6053: The prior call to 'wcsncpy' might not zero-terminate string 'localCompositeName'.
C:\Users\DevNVME\Desktop\cppaudio\portaudio\src\hostapi\wdmks\pa_win_wdmks.c(5283): warning C6011: Dereferencing NULL pointer 'inputParameters'. 
C:\Users\DevNVME\Desktop\cppaudio\portaudio\src\hostapi\wdmks\pa_win_wdmks.c(5288): warning C6011: Dereferencing NULL pointer 'stream->capture.pPin'. 
C:\Users\DevNVME\Desktop\cppaudio\portaudio\src\hostapi\wdmks\pa_win_wdmks.c(5302): warning C6011: Dereferencing NULL pointer 'outputParameters'. 
C:\Users\DevNVME\Desktop\cppaudio\portaudio\src\hostapi\wdmks\pa_win_wdmks.c(5305): warning C6011: Dereferencing NULL pointer 'stream->render.pPin'. 
C:\Users\DevNVME\Desktop\cppaudio\portaudio\src\hostapi\wdmks\pa_win_wdmks.c(5064): warning C26451: Arithmetic overflow: Using operator '*' on a 4 byte value and then casting the result to a 8 byte value. Cast the value to the wider type before calling operator '*' to avoid overflow (io.2).
C:\Users\DevNVME\Desktop\cppaudio\portaudio\src\hostapi\wdmks\pa_win_wdmks.c(5211): warning C26451: Arithmetic overflow: Using operator '*' on a 4 byte value and then casting the result to a 8 byte value. Cast the value to the wider type before calling operator '*' to avoid overflow (io.2).
C:\Users\DevNVME\Desktop\cppaudio\portaudio\src\hostapi\wdmks\pa_win_wdmks.c(5183): warning C26451: Arithmetic overflow: Using operator '*' on a 4 byte value and then casting the result to a 8 byte value. Cast the value to the wider type before calling operator '*' to avoid overflow (io.2).
C:\Users\DevNVME\Desktop\cppaudio\portaudio\src\hostapi\wdmks\pa_win_wdmks.c(5738): warning C26451: Arithmetic overflow: Using operator '*' on a 4 byte value and then casting the result to a 8 byte value. Cast the value to the wider type before calling operator '*' to avoid overflow (io.2).
C:\Users\DevNVME\Desktop\cppaudio\portaudio\src\hostapi\wdmks\pa_win_wdmks.c(5776): warning C26451: Arithmetic overflow: Using operator '*' on a 4 byte value and then casting the result to a 8 byte value. Cast the value to the wider type before calling operator '*' to avoid overflow (io.2).
C:\Users\DevNVME\Desktop\cppaudio\portaudio\src\hostapi\wdmks\pa_win_wdmks.c(5911): warning C26451: Arithmetic overflow: Using operator '*' on a 4 byte value and then casting the result to a 8 byte value. Cast the value to the wider type before calling operator '*' to avoid overflow (io.2).
C:\Users\DevNVME\Desktop\cppaudio\portaudio\src\hostapi\wdmks\pa_win_wdmks.c(6304): warning C6258: Using TerminateThread does not allow proper thread clean up.
C:\Users\DevNVME\Desktop\cppaudio\portaudio\src\hostapi\wdmks\pa_win_wdmks.c(6361): warning C6258: Using TerminateThread does not allow proper thread clean up.
C:\Users\DevNVME\Desktop\cppaudio\portaudio\src\hostapi\wmme\pa_win_wmme.c(655): warning C6001: Using uninitialized memory 'devicePathSize'.
C:\Users\DevNVME\Desktop\cppaudio\portaudio\src\hostapi\wmme\pa_win_wmme.c(788): warning C6001: Using uninitialized memory 'devicePathSize'.
C:\Users\DevNVME\Desktop\cppaudio\portaudio\src\hostapi\wmme\pa_win_wmme.c(926): warning C28159: Consider using 'IsWindows*' instead of 'GetVersionExA'. Reason: Deprecated. Use VerifyVersionInfo* or IsWindows* macros from VersionHelpers.
C:\Users\DevNVME\Desktop\cppaudio\portaudio\src\hostapi\wmme\pa_win_wmme.c(2360): warning C6255: _alloca indicates failure by raising a stack overflow exception.  Consider using _malloca instead.
C:\Users\DevNVME\Desktop\cppaudio\portaudio\src\hostapi\wmme\pa_win_wmme.c(2410): warning C6255: _alloca indicates failure by raising a stack overflow exception.  Consider using _malloca instead.
C:\Users\DevNVME\Desktop\cppaudio\portaudio\src\hostapi\wmme\pa_win_wmme.c(2527): warning C6001: Using uninitialized memory 'framesPerBufferProcessorCall'.
C:\Users\DevNVME\Desktop\cppaudio\portaudio\src\hostapi\wmme\pa_win_wmme.c(2536): warning C26451: Arithmetic overflow: Using operator '+' on a 4 byte value and then casting the result to a 8 byte value. Cast the value to the wider type before calling operator '+' to avoid overflow (io.2).
C:\Users\DevNVME\Desktop\cppaudio\portaudio\src\hostapi\wmme\pa_win_wmme.c(2539): warning C26451: Arithmetic overflow: Using operator '+' on a 4 byte value and then casting the result to a 8 byte value. Cast the value to the wider type before calling operator '+' to avoid overflow (io.2).
C:\Users\DevNVME\Desktop\cppaudio\portaudio\src\hostapi\wmme\pa_win_wmme.c(2590): warning C26451: Arithmetic overflow: Using operator '*' on a 4 byte value and then casting the result to a 8 byte value. Cast the value to the wider type before calling operator '*' to avoid overflow (io.2).
C:\Users\DevNVME\Desktop\cppaudio\portaudio\src\hostapi\wmme\pa_win_wmme.c(2594): warning C26451: Arithmetic overflow: Using operator '*' on a 4 byte value and then casting the result to a 8 byte value. Cast the value to the wider type before calling operator '*' to avoid overflow (io.2).
C:\Users\DevNVME\Desktop\cppaudio\portaudio\src\hostapi\wmme\pa_win_wmme.c(3008): warning C26451: Arithmetic overflow: Using operator '+' on a 4 byte value and then casting the result to a 8 byte value. Cast the value to the wider type before calling operator '+' to avoid overflow (io.2).
C:\Users\DevNVME\Desktop\cppaudio\portaudio\src\hostapi\wmme\pa_win_wmme.c(3011): warning C26451: Arithmetic overflow: Using operator '-' on a 4 byte value and then casting the result to a 8 byte value. Cast the value to the wider type before calling operator '-' to avoid overflow (io.2).
C:\Users\DevNVME\Desktop\cppaudio\portaudio\src\hostapi\wmme\pa_win_wmme.c(3035): warning C26451: Arithmetic overflow: Using operator '*' on a 4 byte value and then casting the result to a 8 byte value. Cast the value to the wider type before calling operator '*' to avoid overflow (io.2).
C:\Users\DevNVME\Desktop\cppaudio\portaudio\src\hostapi\wmme\pa_win_wmme.c(3035): warning C26451: Arithmetic overflow: Using operator '*' on a 4 byte value and then casting the result to a 8 byte value. Cast the value to the wider type before calling operator '*' to avoid overflow (io.2).
C:\Users\DevNVME\Desktop\cppaudio\portaudio\src\hostapi\wmme\pa_win_wmme.c(3056): warning C26451: Arithmetic overflow: Using operator '*' on a 4 byte value and then casting the result to a 8 byte value. Cast the value to the wider type before calling operator '*' to avoid overflow (io.2).
C:\Users\DevNVME\Desktop\cppaudio\portaudio\src\hostapi\wmme\pa_win_wmme.c(3056): warning C26451: Arithmetic overflow: Using operator '*' on a 4 byte value and then casting the result to a 8 byte value. Cast the value to the wider type before calling operator '*' to avoid overflow (io.2).
C:\Users\DevNVME\Desktop\cppaudio\portaudio\src\hostapi\wmme\pa_win_wmme.c(3308): warning C26451: Arithmetic overflow: Using operator '*' on a 4 byte value and then casting the result to a 8 byte value. Cast the value to the wider type before calling operator '*' to avoid overflow (io.2).
C:\Users\DevNVME\Desktop\cppaudio\portaudio\src\hostapi\wmme\pa_win_wmme.c(3308): warning C26451: Arithmetic overflow: Using operator '*' on a 4 byte value and then casting the result to a 8 byte value. Cast the value to the wider type before calling operator '*' to avoid overflow (io.2).
C:\Users\DevNVME\Desktop\cppaudio\portaudio\src\hostapi\wmme\pa_win_wmme.c(3516): warning C26451: Arithmetic overflow: Using operator '*' on a 4 byte value and then casting the result to a 8 byte value. Cast the value to the wider type before calling operator '*' to avoid overflow (io.2).
C:\Users\DevNVME\Desktop\cppaudio\portaudio\src\hostapi\wmme\pa_win_wmme.c(3516): warning C26451: Arithmetic overflow: Using operator '*' on a 4 byte value and then casting the result to a 8 byte value. Cast the value to the wider type before calling operator '*' to avoid overflow (io.2).
C:\Users\DevNVME\Desktop\cppaudio\portaudio\src\hostapi\wmme\pa_win_wmme.c(3736): warning C6255: _alloca indicates failure by raising a stack overflow exception.  Consider using _malloca instead.
C:\Users\DevNVME\Desktop\cppaudio\portaudio\src\hostapi\wmme\pa_win_wmme.c(3740): warning C6386: Buffer overrun while writing to 'userBuffer':  the writable size is 'sizeof(void *)*stream->bufferProcessor.inputChannelCount' bytes, but '16' bytes might be written.
C:\Users\DevNVME\Desktop\cppaudio\portaudio\src\hostapi\wmme\pa_win_wmme.c(3770): warning C26451: Arithmetic overflow: Using operator '*' on a 4 byte value and then casting the result to a 8 byte value. Cast the value to the wider type before calling operator '*' to avoid overflow (io.2).
C:\Users\DevNVME\Desktop\cppaudio\portaudio\src\hostapi\wmme\pa_win_wmme.c(3770): warning C26451: Arithmetic overflow: Using operator '*' on a 4 byte value and then casting the result to a 8 byte value. Cast the value to the wider type before calling operator '*' to avoid overflow (io.2).
C:\Users\DevNVME\Desktop\cppaudio\portaudio\src\hostapi\wmme\pa_win_wmme.c(3842): warning C6255: _alloca indicates failure by raising a stack overflow exception.  Consider using _malloca instead.
C:\Users\DevNVME\Desktop\cppaudio\portaudio\src\hostapi\wmme\pa_win_wmme.c(3846): warning C6386: Buffer overrun while writing to 'userBuffer':  the writable size is 'sizeof(void *)*stream->bufferProcessor.outputChannelCount' bytes, but '16' bytes might be written.
C:\Users\DevNVME\Desktop\cppaudio\portaudio\src\hostapi\wmme\pa_win_wmme.c(3877): warning C26451: Arithmetic overflow: Using operator '*' on a 4 byte value and then casting the result to a 8 byte value. Cast the value to the wider type before calling operator '*' to avoid overflow (io.2).
C:\Users\DevNVME\Desktop\cppaudio\portaudio\src\hostapi\wmme\pa_win_wmme.c(3877): warning C26451: Arithmetic overflow: Using operator '*' on a 4 byte value and then casting the result to a 8 byte value. Cast the value to the wider type before calling operator '*' to avoid overflow (io.2).
